[INFO] Scanning for projects...
[INFO] 
[INFO] -------------------< com.aftercare:aftercare-portal >-------------------
[INFO] Building aftercare-portal 0.0.1-SNAPSHOT
[INFO]   from pom.xml
[INFO] --------------------------------[ jar ]---------------------------------
[INFO] 
[INFO] >>> spring-boot:4.0.3:run (default-cli) > test-compile @ aftercare-portal >>>
[INFO] 
[INFO] --- resources:3.3.1:resources (default-resources) @ aftercare-portal ---
[INFO] Copying 1 resource from src\main\resources to target\classes
[INFO] Copying 0 resource from src\main\resources to target\classes
[INFO] 
[INFO] --- compiler:3.14.1:compile (default-compile) @ aftercare-portal ---
[INFO] Nothing to compile - all classes are up to date.
[INFO] 
[INFO] --- resources:3.3.1:testResources (default-testResources) @ aftercare-portal ---
[INFO] Copying 1 resource from src\test\resources to target\test-classes
[INFO] 
[INFO] --- compiler:3.14.1:testCompile (default-testCompile) @ aftercare-portal ---
[INFO] Nothing to compile - all classes are up to date.
[INFO] 
[INFO] <<< spring-boot:4.0.3:run (default-cli) < test-compile @ aftercare-portal <<<
[INFO] 
[INFO] 
[INFO] --- spring-boot:4.0.3:run (default-cli) @ aftercare-portal ---
[INFO] Attaching agents: []

  .   ____          _            __ _ _
 /\\ / ___'_ __ _ _(_)_ __  __ _ \ \ \ \
( ( )\___ | '_ | '_| | '_ \/ _` | \ \ \ \
 \\/  ___)| |_)| | | | | || (_| |  ) ) ) )
  '  |____| .__|_| |_|_| |_\__, | / / / /
 =========|_|==============|___/=/_/_/_/

 :: Spring Boot ::                (v4.0.3)

2026-03-16T15:29:22.912+05:30  INFO 42616 --- [aftercare-portal] [           main] c.a.a.AftercarePortalApplication         : Starting AftercarePortalApplication using Java 25.0.2 with PID 42616 (C:\Users\monis\aftercare-backend\target\classes started by monis in C:\Users\monis\aftercare-backend)
2026-03-16T15:29:22.914+05:30 DEBUG 42616 --- [aftercare-portal] [           main] c.a.a.AftercarePortalApplication         : Running with Spring Boot v4.0.3, Spring v7.0.5
2026-03-16T15:29:22.915+05:30  INFO 42616 --- [aftercare-portal] [           main] c.a.a.AftercarePortalApplication         : No active profile set, falling back to 1 default profile: "default"
2026-03-16T15:29:23.361+05:30  INFO 42616 --- [aftercare-portal] [           main] .s.d.r.c.RepositoryConfigurationDelegate : Bootstrapping Spring Data JPA repositories in DEFAULT mode.
2026-03-16T15:29:23.407+05:30  INFO 42616 --- [aftercare-portal] [           main] .s.d.r.c.RepositoryConfigurationDelegate : Finished Spring Data repository scanning in 40 ms. Found 6 JPA repository interfaces.
2026-03-16T15:29:23.715+05:30  INFO 42616 --- [aftercare-portal] [           main] o.s.boot.tomcat.TomcatWebServer          : Tomcat initialized with port 8080 (http)
2026-03-16T15:29:23.725+05:30  INFO 42616 --- [aftercare-portal] [           main] o.apache.catalina.core.StandardService   : Starting service [Tomcat]
2026-03-16T15:29:23.725+05:30  INFO 42616 --- [aftercare-portal] [           main] o.apache.catalina.core.StandardEngine    : Starting Servlet engine: [Apache Tomcat/11.0.18]
2026-03-16T15:29:23.772+05:30  INFO 42616 --- [aftercare-portal] [           main] b.w.c.s.WebApplicationContextInitializer : Root WebApplicationContext: initialization completed in 828 ms
2026-03-16T15:29:23.851+05:30  INFO 42616 --- [aftercare-portal] [           main] org.hibernate.orm.jpa                    : HHH008540: Processing PersistenceUnitInfo [name: default]
2026-03-16T15:29:23.883+05:30  INFO 42616 --- [aftercare-portal] [           main] org.hibernate.orm.core                   : HHH000001: Hibernate ORM core version 7.2.4.Final
2026-03-16T15:29:24.188+05:30  INFO 42616 --- [aftercare-portal] [           main] o.s.o.j.p.SpringPersistenceUnitInfo      : No LoadTimeWeaver setup: ignoring JPA class transformer
2026-03-16T15:29:24.211+05:30  INFO 42616 --- [aftercare-portal] [           main] com.zaxxer.hikari.HikariDataSource       : HikariPool-1 - Starting...
2026-03-16T15:29:24.325+05:30  INFO 42616 --- [aftercare-portal] [           main] com.zaxxer.hikari.pool.HikariPool        : HikariPool-1 - Added connection org.postgresql.jdbc.PgConnection@7252bdb
2026-03-16T15:29:24.326+05:30  INFO 42616 --- [aftercare-portal] [           main] com.zaxxer.hikari.HikariDataSource       : HikariPool-1 - Start completed.
2026-03-16T15:29:24.345+05:30  WARN 42616 --- [aftercare-portal] [           main] org.hibernate.orm.deprecation            : HHH90000025: PostgreSQLDialect does not need to be specified explicitly using 'hibernate.dialect' (remove the property setting and it will be selected by default)
2026-03-16T15:29:24.362+05:30  INFO 42616 --- [aftercare-portal] [           main] org.hibernate.orm.connections.pooling    : HHH10001005: Database info:
	Database JDBC URL [jdbc:postgresql://localhost:5432/aftercare_db]
	Database driver: PostgreSQL JDBC Driver
	Database dialect: PostgreSQLDialect
	Database version: 18.3
	Default catalog/schema: aftercare_db/public
	Autocommit mode: undefined/unknown
	Isolation level: READ_COMMITTED [default READ_COMMITTED]
	JDBC fetch size: none
	Pool: DataSourceConnectionProvider
	Minimum pool size: undefined/unknown
	Maximum pool size: undefined/unknown
2026-03-16T15:29:25.189+05:30  INFO 42616 --- [aftercare-portal] [           main] org.hibernate.orm.core                   : HHH000489: No JTA platform available (set 'hibernate.transaction.jta.platform' to enable JTA platform integration)
2026-03-16T15:29:25.253+05:30  INFO 42616 --- [aftercare-portal] [           main] j.LocalContainerEntityManagerFactoryBean : Initialized JPA EntityManagerFactory for persistence unit 'default'
2026-03-16T15:29:25.290+05:30  INFO 42616 --- [aftercare-portal] [           main] o.s.d.j.r.query.QueryEnhancerFactories   : Hibernate is in classpath; If applicable, HQL parser will be used.
2026-03-16T15:29:25.412+05:30 DEBUG 42616 --- [aftercare-portal] [           main] c.a.a.security.JwtAuthenticationFilter   : Filter 'jwtAuthenticationFilter' configured for use
2026-03-16T15:29:25.453+05:30  INFO 42616 --- [aftercare-portal] [           main] r$InitializeUserDetailsManagerConfigurer : Global AuthenticationManager configured with UserDetailsService bean with name customUserDetailsService
2026-03-16T15:29:25.534+05:30  WARN 42616 --- [aftercare-portal] [           main] JpaBaseConfiguration$JpaWebConfiguration : spring.jpa.open-in-view is enabled by default. Therefore, database queries may be performed during view rendering. Explicitly configure spring.jpa.open-in-view to disable this warning
2026-03-16T15:29:25.811+05:30  WARN 42616 --- [aftercare-portal] [           main] ConfigServletWebServerApplicationContext : Exception encountered during context initialization - cancelling refresh attempt: org.springframework.context.ApplicationContextException: Failed to start bean 'webServerStartStop'
2026-03-16T15:29:25.812+05:30  INFO 42616 --- [aftercare-portal] [           main] j.LocalContainerEntityManagerFactoryBean : Closing JPA EntityManagerFactory for persistence unit 'default'
2026-03-16T15:29:25.814+05:30  INFO 42616 --- [aftercare-portal] [           main] com.zaxxer.hikari.HikariDataSource       : HikariPool-1 - Shutdown initiated...
2026-03-16T15:29:25.815+05:30  INFO 42616 --- [aftercare-portal] [           main] com.zaxxer.hikari.HikariDataSource       : HikariPool-1 - Shutdown completed.
2026-03-16T15:29:25.824+05:30  INFO 42616 --- [aftercare-portal] [           main] .s.b.a.l.ConditionEvaluationReportLogger : 

Error starting ApplicationContext. To display the condition evaluation report re-run your application with 'debug' enabled.
2026-03-16T15:29:25.832+05:30 ERROR 42616 --- [aftercare-portal] [           main] o.s.b.d.LoggingFailureAnalysisReporter   : 

***************************
APPLICATION FAILED TO START
***************************

Description:

Web server failed to start. Port 8080 was already in use.

Action:

Identify and stop the process that's listening on port 8080 or configure this application to listen on another port.

[INFO] ------------------------------------------------------------------------
[INFO] BUILD FAILURE
[INFO] ------------------------------------------------------------------------
[INFO] Total time:  4.558 s
[INFO] Finished at: 2026-03-16T15:29:25+05:30
[INFO] ------------------------------------------------------------------------
[ERROR] Failed to execute goal org.springframework.boot:spring-boot-maven-plugin:4.0.3:run (default-cli) on project aftercare-portal: Process terminated with exit code: 1 -> [Help 1]
[ERROR] 
[ERROR] To see the full stack trace of the errors, re-run Maven with the -e switch.
[ERROR] Re-run Maven using the -X switch to enable full debug logging.
[ERROR] 
[ERROR] For more information about the errors and possible solutions, please read the following articles:
[ERROR] [Help 1] http://cwiki.apache.org/confluence/display/MAVEN/MojoExecutionException
